<?xml version="1.0" encoding="UTF-8"?>
<!-- Generated by org.testng.reporters.JUnitReportReporter -->
<testsuite skipped="0" hostname="Surendar" name="TestNGconcepts.Priorities" tests="3" failures="0" timestamp="09 Sep 2020 22:00:04 GMT" time="0.048" errors="0">
  <testcase name="login" time="0.036" classname="TestNGconcepts.Priorities"/>
  <testcase name="bookTickets" time="0.008" classname="TestNGconcepts.Priorities"/>
  <testcase name="logout" time="0.004" classname="TestNGconcepts.Priorities"/>
</testsuite> <!-- TestNGconcepts.Priorities -->
