<?xml version="1.0" encoding="UTF-8"?>
<!-- Generated by org.testng.reporters.JUnitReportReporter -->
<testsuite skipped="2" hostname="Surendar" name="TestNGconcepts.RealTimeCode" tests="3" failures="0" timestamp="16 Sep 2020 12:29:16 GMT" time="29.312" errors="0">
  <testcase name="loginTest" time="29.312" classname="TestNGconcepts.RealTimeCode"/>
  <testcase name="checkApplicationTitle" classname="TestNGconcepts.RealTimeCode">
    <skipped/>
  </testcase> <!-- checkApplicationTitle -->
  <testcase name="singupLineTest" classname="TestNGconcepts.RealTimeCode">
    <skipped/>
  </testcase> <!-- singupLineTest -->
</testsuite> <!-- TestNGconcepts.RealTimeCode -->
