<?xml version="1.0" encoding="UTF-8"?>
<!-- Generated by org.testng.reporters.JUnitReportReporter -->
<testsuite skipped="0" hostname="Surendar" name="TestNGconcepts.Propertiesconcept" tests="1" failures="0" timestamp="15 Sep 2020 12:22:58 GMT" time="19.410" errors="0">
  <testcase name="login" time="19.410" classname="TestNGconcepts.Propertiesconcept"/>
</testsuite> <!-- TestNGconcepts.Propertiesconcept -->
