<?xml version="1.0" encoding="UTF-8"?>
<!-- Generated by org.testng.reporters.JUnitReportReporter -->
<testsuite skipped="0" hostname="Surendar" name="TestNGconcepts.VerifyGoogleApplication" tests="1" failures="0" timestamp="09 Sep 2020 21:35:34 GMT" time="30.394" errors="0">
  <testcase name="launchGoogleapplication" time="30.394" classname="TestNGconcepts.VerifyGoogleApplication"/>
</testsuite> <!-- TestNGconcepts.VerifyGoogleApplication -->
