<?xml version="1.0" encoding="UTF-8"?>
<!-- Generated by org.testng.reporters.JUnitReportReporter -->
<testsuite skipped="0" hostname="Surendar" name="TestNGconcepts.Login" tests="3" failures="0" timestamp="09 Sep 2020 21:35:34 GMT" time="0.076" errors="0">
  <testcase name="displayEmailId" time="0.011" classname="TestNGconcepts.Login"/>
  <testcase name="displayMobileNO" time="0.048" classname="TestNGconcepts.Login"/>
  <testcase name="displayName" time="0.017" classname="TestNGconcepts.Login"/>
</testsuite> <!-- TestNGconcepts.Login -->
