<?xml version="1.0" encoding="UTF-8"?>
<!-- Generated by org.testng.reporters.JUnitReportReporter -->
<testsuite skipped="0" hostname="Surendar" name="TestNGconcepts.GoogleApplication" tests="1" failures="0" timestamp="09 Sep 2020 21:35:34 GMT" time="23.415" errors="0">
  <testcase name="launchGoogleapplication" time="23.415" classname="TestNGconcepts.GoogleApplication"/>
</testsuite> <!-- TestNGconcepts.GoogleApplication -->
