<?xml version="1.0" encoding="UTF-8"?>
<!-- Generated by org.testng.reporters.JUnitReportReporter -->
<testsuite skipped="0" hostname="Surendar" name="TestNGconcepts.DisplayPersonalDetails" tests="3" failures="0" timestamp="09 Sep 2020 21:35:34 GMT" time="0.043" errors="0">
  <testcase name="displayEmailId" time="0.012" classname="TestNGconcepts.DisplayPersonalDetails"/>
  <testcase name="displayName" time="0.012" classname="TestNGconcepts.DisplayPersonalDetails"/>
  <testcase name="displayMobileNO" time="0.019" classname="TestNGconcepts.DisplayPersonalDetails"/>
</testsuite> <!-- TestNGconcepts.DisplayPersonalDetails -->
