<?xml version="1.0" encoding="UTF-8"?>
<!-- Generated by org.testng.reporters.JUnitReportReporter -->
<testsuite skipped="0" hostname="Surendar" name="TestNGconcepts.DifferentAnnotations" tests="3" failures="0" timestamp="15 Sep 2020 21:15:49 GMT" time="0.051" errors="0">
  <testcase name="faxTickets" time="0.014" classname="TestNGconcepts.DifferentAnnotations"/>
  <testcase name="cancelTickets" time="0.011" classname="TestNGconcepts.DifferentAnnotations"/>
  <testcase name="bookTickets" time="0.026" classname="TestNGconcepts.DifferentAnnotations"/>
</testsuite> <!-- TestNGconcepts.DifferentAnnotations -->
